\BOOKMARK [0][-]{title.0}{Titelblatt}{}% 1
\BOOKMARK [0][-]{chapter*.2}{Inhaltsverzeichnis}{}% 2
\BOOKMARK [0][-]{chapter*.3}{Abbildungsverzeichnis}{}% 3
\BOOKMARK [0][-]{chapter*.4}{Tabellenverzeichnis}{}% 4
\BOOKMARK [0][-]{chapter*.5}{Algorithmenverzeichnis}{}% 5
\BOOKMARK [0][-]{chapter*.7}{Abk\374rzungsverzeichnis}{}% 6
\BOOKMARK [0][-]{chapter*.7}{Symbolverzeichnis}{}% 7
\BOOKMARK [0][-]{chapter.1}{Problemstellung und Motivation}{}% 8
\BOOKMARK [0][-]{chapter.2}{Anwendungsbeispiele in der Praxis}{}% 9
\BOOKMARK [0][-]{chapter.3}{Mathematische Problemformulierung}{}% 10
\BOOKMARK [0][-]{chapter.4}{Verfahrensl\366sung}{}% 11
\BOOKMARK [1][-]{section.4.1}{Regel-basierte Heuristiken}{chapter.4}% 12
\BOOKMARK [2][-]{subsection.4.1.1}{Aufteilung von Jobs auf Produktionsst\344tten}{section.4.1}% 13
\BOOKMARK [2][-]{subsection.4.1.2}{Einplanung der Auftr\344ge auf Maschinen}{section.4.1}% 14
\BOOKMARK [2][-]{subsection.4.1.3}{Anwendungsbeispiel}{section.4.1}% 15
\BOOKMARK [1][-]{section.4.2}{Greedy Heuristiken}{chapter.4}% 16
\BOOKMARK [2][-]{subsection.4.2.1}{Greedy-Heuristik 1}{section.4.2}% 17
\BOOKMARK [2][-]{subsection.4.2.2}{Greedy-Heuristik 2}{section.4.2}% 18
\BOOKMARK [2][-]{subsection.4.2.3}{Greedy-Heuristik 3}{section.4.2}% 19
\BOOKMARK [0][-]{appendix.A}{Programmcodes}{}% 20
\BOOKMARK [0][-]{appendix.A}{Literaturverzeichnis}{}% 21
